<?xml version="1.0" encoding="UTF-8"?>
<!-- Generated by org.testng.reporters.JUnitReportReporter -->
<testsuite hostname="karthik_yadhav" failures="0" tests="1" name="com.syn.base.BaseTest" time="1.336" errors="0" timestamp="2025-10-22T21:05:38 IST" skipped="0">
  <testcase classname="com.syn.base.BaseTest" name="setUp" time="1.336"/>
</testsuite> <!-- com.syn.base.BaseTest -->
