<?xml version="1.0" encoding="UTF-8"?>
<!-- Generated by org.testng.reporters.JUnitReportReporter -->
<testsuite hostname="karthik_yadhav" failures="0" tests="1" name="com.syn.tests.Testng" time="0.999" errors="0" timestamp="2025-10-23T23:52:14 IST" skipped="0">
  <testcase classname="com.syn.tests.Testng" name="test" time="0.999"/>
</testsuite> <!-- com.syn.tests.Testng -->
